{"D:\\Raihan\\Phase02\\IP-HCK67\\server_side\\app.js": {"path":"D:\\Raihan\\Phase02\\IP-HCK67\\server_side\\app.js","statementMap":{"0":{"start":{"line":1,"column":0},"end":{"line":3,"column":1}},"1":{"start":{"line":2,"column":4},"end":{"line":2,"column":30}},"2":{"start":{"line":4,"column":16},"end":{"line":4,"column":34}},"3":{"start":{"line":5,"column":16},"end":{"line":5,"column":36}},"4":{"start":{"line":6,"column":12},"end":{"line":6,"column":21}},"5":{"start":{"line":7,"column":13},"end":{"line":7,"column":28}},"6":{"start":{"line":8,"column":23},"end":{"line":8,"column":60}},"7":{"start":{"line":11,"column":0},"end":{"line":11,"column":15}},"8":{"start":{"line":14,"column":0},"end":{"line":14,"column":24}},"9":{"start":{"line":15,"column":0},"end":{"line":15,"column":48}},"10":{"start":{"line":18,"column":0},"end":{"line":18,"column":16}},"11":{"start":{"line":21,"column":0},"end":{"line":21,"column":21}},"12":{"start":{"line":23,"column":0},"end":{"line":23,"column":20}}},"fnMap":{},"branchMap":{"0":{"loc":{"start":{"line":1,"column":0},"end":{"line":3,"column":1}},"type":"if","locations":[{"start":{"line":1,"column":0},"end":{"line":3,"column":1}},{"start":{},"end":{}}],"line":1}},"s":{"0":1,"1":1,"2":1,"3":1,"4":1,"5":1,"6":1,"7":1,"8":1,"9":1,"10":1,"11":1,"12":1},"f":{},"b":{"0":[1,0]},"_coverageSchema":"1a1c01bbd47fc00a2c39e90264f33305004495a9","hash":"33de20cba3b6f08d5e2641ecd6a7e14c8607064f"}
,"D:\\Raihan\\Phase02\\IP-HCK67\\server_side\\controllers\\controllerAnimes.js": {"path":"D:\\Raihan\\Phase02\\IP-HCK67\\server_side\\controllers\\controllerAnimes.js","statementMap":{"0":{"start":{"line":1,"column":20},"end":{"line":1,"column":40}},"1":{"start":{"line":3,"column":0},"end":{"line":22,"column":1}},"2":{"start":{"line":5,"column":8},"end":{"line":11,"column":9}},"3":{"start":{"line":6,"column":26},"end":{"line":6,"column":35}},"4":{"start":{"line":7,"column":27},"end":{"line":7,"column":57}},"5":{"start":{"line":8,"column":12},"end":{"line":8,"column":42}},"6":{"start":{"line":10,"column":12},"end":{"line":10,"column":23}},"7":{"start":{"line":14,"column":8},"end":{"line":20,"column":9}},"8":{"start":{"line":15,"column":28},"end":{"line":15,"column":41}},"9":{"start":{"line":16,"column":27},"end":{"line":16,"column":59}},"10":{"start":{"line":17,"column":12},"end":{"line":17,"column":42}},"11":{"start":{"line":19,"column":12},"end":{"line":19,"column":23}}},"fnMap":{"0":{"name":"(anonymous_0)","decl":{"start":{"line":4,"column":4},"end":{"line":4,"column":5}},"loc":{"start":{"line":4,"column":44},"end":{"line":12,"column":5}},"line":4},"1":{"name":"(anonymous_1)","decl":{"start":{"line":13,"column":4},"end":{"line":13,"column":5}},"loc":{"start":{"line":13,"column":43},"end":{"line":21,"column":5}},"line":13}},"branchMap":{},"s":{"0":1,"1":1,"2":0,"3":0,"4":0,"5":0,"6":0,"7":0,"8":0,"9":0,"10":0,"11":0},"f":{"0":0,"1":0},"b":{},"_coverageSchema":"1a1c01bbd47fc00a2c39e90264f33305004495a9","hash":"8aa2cc445ba4273acb4348fee95aee9c76993d7a"}
,"D:\\Raihan\\Phase02\\IP-HCK67\\server_side\\controllers\\controllerGlobal.js": {"path":"D:\\Raihan\\Phase02\\IP-HCK67\\server_side\\controllers\\controllerGlobal.js","statementMap":{"0":{"start":{"line":1,"column":30},"end":{"line":1,"column":50}},"1":{"start":{"line":2,"column":15},"end":{"line":2,"column":63}},"2":{"start":{"line":4,"column":0},"end":{"line":140,"column":2}},"3":{"start":{"line":6,"column":4},"end":{"line":12,"column":5}},"4":{"start":{"line":7,"column":19},"end":{"line":7,"column":27}},"5":{"start":{"line":8,"column":21},"end":{"line":8,"column":50}},"6":{"start":{"line":9,"column":6},"end":{"line":9,"column":37}},"7":{"start":{"line":11,"column":6},"end":{"line":11,"column":18}},"8":{"start":{"line":15,"column":4},"end":{"line":93,"column":5}},"9":{"start":{"line":16,"column":21},"end":{"line":16,"column":32}},"10":{"start":{"line":22,"column":10},"end":{"line":22,"column":18}},"11":{"start":{"line":24,"column":23},"end":{"line":26,"column":8}},"12":{"start":{"line":28,"column":18},"end":{"line":28,"column":28}},"13":{"start":{"line":29,"column":28},"end":{"line":31,"column":71}},"14":{"start":{"line":33,"column":29},"end":{"line":33,"column":63}},"15":{"start":{"line":34,"column":6},"end":{"line":34,"column":48}},"16":{"start":{"line":34,"column":21},"end":{"line":34,"column":48}},"17":{"start":{"line":37,"column":6},"end":{"line":38,"column":77}},"18":{"start":{"line":38,"column":8},"end":{"line":38,"column":77}},"19":{"start":{"line":40,"column":6},"end":{"line":90,"column":7}},"20":{"start":{"line":41,"column":29},"end":{"line":43,"column":9}},"21":{"start":{"line":45,"column":8},"end":{"line":58,"column":9}},"22":{"start":{"line":46,"column":10},"end":{"line":46,"column":58}},"23":{"start":{"line":47,"column":15},"end":{"line":58,"column":9}},"24":{"start":{"line":48,"column":10},"end":{"line":50,"column":13}},"25":{"start":{"line":51,"column":15},"end":{"line":58,"column":9}},"26":{"start":{"line":52,"column":10},"end":{"line":52,"column":55}},"27":{"start":{"line":53,"column":10},"end":{"line":53,"column":68}},"28":{"start":{"line":54,"column":10},"end":{"line":57,"column":13}},"29":{"start":{"line":60,"column":24},"end":{"line":77,"column":10}},"30":{"start":{"line":79,"column":35},"end":{"line":79,"column":45}},"31":{"start":{"line":81,"column":8},"end":{"line":86,"column":11}},"32":{"start":{"line":89,"column":8},"end":{"line":89,"column":51}},"33":{"start":{"line":92,"column":8},"end":{"line":92,"column":19}},"34":{"start":{"line":96,"column":4},"end":{"line":138,"column":5}},"35":{"start":{"line":97,"column":23},"end":{"line":97,"column":34}},"36":{"start":{"line":98,"column":23},"end":{"line":100,"column":8}},"37":{"start":{"line":102,"column":6},"end":{"line":106,"column":10}},"38":{"start":{"line":103,"column":8},"end":{"line":106,"column":10}},"39":{"start":{"line":108,"column":6},"end":{"line":109,"column":77}},"40":{"start":{"line":109,"column":8},"end":{"line":109,"column":77}},"41":{"start":{"line":111,"column":6},"end":{"line":135,"column":7}},"42":{"start":{"line":112,"column":29},"end":{"line":114,"column":9}},"43":{"start":{"line":116,"column":8},"end":{"line":128,"column":9}},"44":{"start":{"line":117,"column":10},"end":{"line":117,"column":58}},"45":{"start":{"line":118,"column":15},"end":{"line":128,"column":9}},"46":{"start":{"line":119,"column":10},"end":{"line":121,"column":13}},"47":{"start":{"line":122,"column":15},"end":{"line":128,"column":9}},"48":{"start":{"line":123,"column":10},"end":{"line":123,"column":55}},"49":{"start":{"line":124,"column":10},"end":{"line":124,"column":68}},"50":{"start":{"line":125,"column":10},"end":{"line":127,"column":13}},"51":{"start":{"line":130,"column":8},"end":{"line":130,"column":53}},"52":{"start":{"line":131,"column":8},"end":{"line":131,"column":66}},"53":{"start":{"line":132,"column":8},"end":{"line":134,"column":76}},"54":{"start":{"line":137,"column":8},"end":{"line":137,"column":19}}},"fnMap":{"0":{"name":"(anonymous_0)","decl":{"start":{"line":5,"column":2},"end":{"line":5,"column":3}},"loc":{"start":{"line":5,"column":44},"end":{"line":13,"column":3}},"line":5},"1":{"name":"(anonymous_1)","decl":{"start":{"line":14,"column":2},"end":{"line":14,"column":3}},"loc":{"start":{"line":14,"column":50},"end":{"line":94,"column":3}},"line":14},"2":{"name":"(anonymous_2)","decl":{"start":{"line":95,"column":2},"end":{"line":95,"column":3}},"loc":{"start":{"line":95,"column":49},"end":{"line":139,"column":3}},"line":95}},"branchMap":{"0":{"loc":{"start":{"line":34,"column":6},"end":{"line":34,"column":48}},"type":"if","locations":[{"start":{"line":34,"column":6},"end":{"line":34,"column":48}},{"start":{},"end":{}}],"line":34},"1":{"loc":{"start":{"line":37,"column":6},"end":{"line":38,"column":77}},"type":"if","locations":[{"start":{"line":37,"column":6},"end":{"line":38,"column":77}},{"start":{},"end":{}}],"line":37},"2":{"loc":{"start":{"line":40,"column":6},"end":{"line":90,"column":7}},"type":"if","locations":[{"start":{"line":40,"column":6},"end":{"line":90,"column":7}},{"start":{"line":59,"column":13},"end":{"line":90,"column":7}}],"line":40},"3":{"loc":{"start":{"line":45,"column":8},"end":{"line":58,"column":9}},"type":"if","locations":[{"start":{"line":45,"column":8},"end":{"line":58,"column":9}},{"start":{"line":47,"column":15},"end":{"line":58,"column":9}}],"line":45},"4":{"loc":{"start":{"line":47,"column":15},"end":{"line":58,"column":9}},"type":"if","locations":[{"start":{"line":47,"column":15},"end":{"line":58,"column":9}},{"start":{"line":51,"column":15},"end":{"line":58,"column":9}}],"line":47},"5":{"loc":{"start":{"line":51,"column":15},"end":{"line":58,"column":9}},"type":"if","locations":[{"start":{"line":51,"column":15},"end":{"line":58,"column":9}},{"start":{},"end":{}}],"line":51},"6":{"loc":{"start":{"line":102,"column":6},"end":{"line":106,"column":10}},"type":"if","locations":[{"start":{"line":102,"column":6},"end":{"line":106,"column":10}},{"start":{},"end":{}}],"line":102},"7":{"loc":{"start":{"line":108,"column":6},"end":{"line":109,"column":77}},"type":"if","locations":[{"start":{"line":108,"column":6},"end":{"line":109,"column":77}},{"start":{},"end":{}}],"line":108},"8":{"loc":{"start":{"line":111,"column":6},"end":{"line":135,"column":7}},"type":"if","locations":[{"start":{"line":111,"column":6},"end":{"line":135,"column":7}},{"start":{"line":129,"column":13},"end":{"line":135,"column":7}}],"line":111},"9":{"loc":{"start":{"line":116,"column":8},"end":{"line":128,"column":9}},"type":"if","locations":[{"start":{"line":116,"column":8},"end":{"line":128,"column":9}},{"start":{"line":118,"column":15},"end":{"line":128,"column":9}}],"line":116},"10":{"loc":{"start":{"line":118,"column":15},"end":{"line":128,"column":9}},"type":"if","locations":[{"start":{"line":118,"column":15},"end":{"line":128,"column":9}},{"start":{"line":122,"column":15},"end":{"line":128,"column":9}}],"line":118},"11":{"loc":{"start":{"line":122,"column":15},"end":{"line":128,"column":9}},"type":"if","locations":[{"start":{"line":122,"column":15},"end":{"line":128,"column":9}},{"start":{},"end":{}}],"line":122}},"s":{"0":1,"1":1,"2":1,"3":1,"4":1,"5":1,"6":0,"7":1,"8":0,"9":0,"10":0,"11":0,"12":0,"13":0,"14":0,"15":0,"16":0,"17":0,"18":0,"19":0,"20":0,"21":0,"22":0,"23":0,"24":0,"25":0,"26":0,"27":0,"28":0,"29":0,"30":0,"31":0,"32":0,"33":0,"34":0,"35":0,"36":0,"37":0,"38":0,"39":0,"40":0,"41":0,"42":0,"43":0,"44":0,"45":0,"46":0,"47":0,"48":0,"49":0,"50":0,"51":0,"52":0,"53":0,"54":0},"f":{"0":1,"1":0,"2":0},"b":{"0":[0,0],"1":[0,0],"2":[0,0],"3":[0,0],"4":[0,0],"5":[0,0],"6":[0,0],"7":[0,0],"8":[0,0],"9":[0,0],"10":[0,0],"11":[0,0]},"_coverageSchema":"1a1c01bbd47fc00a2c39e90264f33305004495a9","hash":"544ff15cea03aa59649363d2370ceb652fadd098"}
,"D:\\Raihan\\Phase02\\IP-HCK67\\server_side\\controllers\\controllerMyAnime.js": {"path":"D:\\Raihan\\Phase02\\IP-HCK67\\server_side\\controllers\\controllerMyAnime.js","statementMap":{"0":{"start":{"line":1,"column":20},"end":{"line":1,"column":40}},"1":{"start":{"line":3,"column":0},"end":{"line":39,"column":2}},"2":{"start":{"line":5,"column":4},"end":{"line":13,"column":5}},"3":{"start":{"line":6,"column":17},"end":{"line":6,"column":28}},"4":{"start":{"line":7,"column":20},"end":{"line":7,"column":29}},"5":{"start":{"line":8,"column":21},"end":{"line":8,"column":58}},"6":{"start":{"line":10,"column":6},"end":{"line":10,"column":37}},"7":{"start":{"line":12,"column":6},"end":{"line":12,"column":25}},"8":{"start":{"line":16,"column":4},"end":{"line":25,"column":5}},"9":{"start":{"line":17,"column":22},"end":{"line":17,"column":35}},"10":{"start":{"line":19,"column":21},"end":{"line":19,"column":58}},"11":{"start":{"line":20,"column":6},"end":{"line":22,"column":9}},"12":{"start":{"line":24,"column":8},"end":{"line":24,"column":19}},"13":{"start":{"line":28,"column":4},"end":{"line":37,"column":5}},"14":{"start":{"line":29,"column":22},"end":{"line":29,"column":35}},"15":{"start":{"line":31,"column":17},"end":{"line":31,"column":28}},"16":{"start":{"line":33,"column":21},"end":{"line":33,"column":61}},"17":{"start":{"line":34,"column":6},"end":{"line":34,"column":37}},"18":{"start":{"line":36,"column":8},"end":{"line":36,"column":19}}},"fnMap":{"0":{"name":"(anonymous_0)","decl":{"start":{"line":4,"column":2},"end":{"line":4,"column":3}},"loc":{"start":{"line":4,"column":42},"end":{"line":14,"column":3}},"line":4},"1":{"name":"(anonymous_1)","decl":{"start":{"line":15,"column":2},"end":{"line":15,"column":3}},"loc":{"start":{"line":15,"column":45},"end":{"line":26,"column":3}},"line":15},"2":{"name":"(anonymous_2)","decl":{"start":{"line":27,"column":2},"end":{"line":27,"column":3}},"loc":{"start":{"line":27,"column":43},"end":{"line":38,"column":3}},"line":27}},"branchMap":{},"s":{"0":1,"1":1,"2":0,"3":0,"4":0,"5":0,"6":0,"7":0,"8":0,"9":0,"10":0,"11":0,"12":0,"13":0,"14":0,"15":0,"16":0,"17":0,"18":0},"f":{"0":0,"1":0,"2":0},"b":{},"_coverageSchema":"1a1c01bbd47fc00a2c39e90264f33305004495a9","hash":"e2a001eb75aeeabf62e88a1bb24883fbe94ed6a4"}
,"D:\\Raihan\\Phase02\\IP-HCK67\\server_side\\controllers\\controllerUser.js": {"path":"D:\\Raihan\\Phase02\\IP-HCK67\\server_side\\controllers\\controllerUser.js","statementMap":{"0":{"start":{"line":1,"column":17},"end":{"line":1,"column":37}},"1":{"start":{"line":2,"column":19},"end":{"line":2,"column":36}},"2":{"start":{"line":3,"column":22},"end":{"line":3,"column":47}},"3":{"start":{"line":4,"column":25},"end":{"line":4,"column":55}},"4":{"start":{"line":6,"column":0},"end":{"line":62,"column":2}},"5":{"start":{"line":8,"column":4},"end":{"line":14,"column":5}},"6":{"start":{"line":9,"column":19},"end":{"line":9,"column":27}},"7":{"start":{"line":10,"column":25},"end":{"line":10,"column":47}},"8":{"start":{"line":11,"column":6},"end":{"line":11,"column":45}},"9":{"start":{"line":13,"column":6},"end":{"line":13,"column":25}},"10":{"start":{"line":17,"column":4},"end":{"line":23,"column":5}},"11":{"start":{"line":18,"column":17},"end":{"line":18,"column":28}},"12":{"start":{"line":19,"column":23},"end":{"line":19,"column":47}},"13":{"start":{"line":20,"column":6},"end":{"line":20,"column":41}},"14":{"start":{"line":22,"column":6},"end":{"line":22,"column":18}},"15":{"start":{"line":26,"column":4},"end":{"line":33,"column":5}},"16":{"start":{"line":27,"column":19},"end":{"line":27,"column":27}},"17":{"start":{"line":28,"column":21},"end":{"line":28,"column":32}},"18":{"start":{"line":29,"column":23},"end":{"line":29,"column":56}},"19":{"start":{"line":30,"column":6},"end":{"line":30,"column":37}},"20":{"start":{"line":32,"column":6},"end":{"line":32,"column":18}},"21":{"start":{"line":36,"column":4},"end":{"line":60,"column":5}},"22":{"start":{"line":37,"column":27},"end":{"line":37,"column":54}},"23":{"start":{"line":38,"column":21},"end":{"line":38,"column":39}},"24":{"start":{"line":39,"column":21},"end":{"line":42,"column":8}},"25":{"start":{"line":43,"column":22},"end":{"line":43,"column":41}},"26":{"start":{"line":44,"column":26},"end":{"line":44,"column":39}},"27":{"start":{"line":46,"column":23},"end":{"line":46,"column":31}},"28":{"start":{"line":48,"column":30},"end":{"line":55,"column":8}},"29":{"start":{"line":56,"column":25},"end":{"line":56,"column":57}},"30":{"start":{"line":57,"column":6},"end":{"line":57,"column":45}},"31":{"start":{"line":59,"column":8},"end":{"line":59,"column":19}}},"fnMap":{"0":{"name":"(anonymous_0)","decl":{"start":{"line":7,"column":2},"end":{"line":7,"column":3}},"loc":{"start":{"line":7,"column":37},"end":{"line":15,"column":3}},"line":7},"1":{"name":"(anonymous_1)","decl":{"start":{"line":16,"column":2},"end":{"line":16,"column":3}},"loc":{"start":{"line":16,"column":40},"end":{"line":24,"column":3}},"line":16},"2":{"name":"(anonymous_2)","decl":{"start":{"line":25,"column":2},"end":{"line":25,"column":3}},"loc":{"start":{"line":25,"column":40},"end":{"line":34,"column":3}},"line":25},"3":{"name":"(anonymous_3)","decl":{"start":{"line":35,"column":2},"end":{"line":35,"column":3}},"loc":{"start":{"line":35,"column":43},"end":{"line":61,"column":3}},"line":35}},"branchMap":{},"s":{"0":1,"1":1,"2":1,"3":1,"4":1,"5":0,"6":0,"7":0,"8":0,"9":0,"10":0,"11":0,"12":0,"13":0,"14":0,"15":0,"16":0,"17":0,"18":0,"19":0,"20":0,"21":1,"22":1,"23":1,"24":1,"25":0,"26":0,"27":0,"28":0,"29":0,"30":0,"31":1},"f":{"0":0,"1":0,"2":0,"3":1},"b":{},"_coverageSchema":"1a1c01bbd47fc00a2c39e90264f33305004495a9","hash":"057811d1de5042c1ac01520f7590c7c0cbda1c8d"}
,"D:\\Raihan\\Phase02\\IP-HCK67\\server_side\\helpers\\axios.js": {"path":"D:\\Raihan\\Phase02\\IP-HCK67\\server_side\\helpers\\axios.js","statementMap":{"0":{"start":{"line":1,"column":14},"end":{"line":1,"column":30}},"1":{"start":{"line":3,"column":0},"end":{"line":5,"column":3}}},"fnMap":{},"branchMap":{},"s":{"0":1,"1":1},"f":{},"b":{},"_coverageSchema":"1a1c01bbd47fc00a2c39e90264f33305004495a9","hash":"2d27fc5d7efba957c82e5b80ca3e866d307401cc"}
,"D:\\Raihan\\Phase02\\IP-HCK67\\server_side\\helpers\\bcrypt.js": {"path":"D:\\Raihan\\Phase02\\IP-HCK67\\server_side\\helpers\\bcrypt.js","statementMap":{"0":{"start":{"line":1,"column":15},"end":{"line":1,"column":34}},"1":{"start":{"line":3,"column":17},"end":{"line":5,"column":1}},"2":{"start":{"line":4,"column":2},"end":{"line":4,"column":59}},"3":{"start":{"line":7,"column":20},"end":{"line":9,"column":1}},"4":{"start":{"line":8,"column":2},"end":{"line":8,"column":51}},"5":{"start":{"line":11,"column":0},"end":{"line":14,"column":2}}},"fnMap":{"0":{"name":"(anonymous_0)","decl":{"start":{"line":3,"column":17},"end":{"line":3,"column":18}},"loc":{"start":{"line":3,"column":32},"end":{"line":5,"column":1}},"line":3},"1":{"name":"(anonymous_1)","decl":{"start":{"line":7,"column":20},"end":{"line":7,"column":21}},"loc":{"start":{"line":7,"column":47},"end":{"line":9,"column":1}},"line":7}},"branchMap":{},"s":{"0":1,"1":1,"2":4,"3":1,"4":0,"5":1},"f":{"0":4,"1":0},"b":{},"_coverageSchema":"1a1c01bbd47fc00a2c39e90264f33305004495a9","hash":"848c4119eca8cdf9b2f0383319d91e226c80ba3b"}
,"D:\\Raihan\\Phase02\\IP-HCK67\\server_side\\helpers\\jwt.js": {"path":"D:\\Raihan\\Phase02\\IP-HCK67\\server_side\\helpers\\jwt.js","statementMap":{"0":{"start":{"line":1,"column":12},"end":{"line":1,"column":35}},"1":{"start":{"line":3,"column":19},"end":{"line":3,"column":41}},"2":{"start":{"line":5,"column":18},"end":{"line":7,"column":1}},"3":{"start":{"line":6,"column":2},"end":{"line":6,"column":39}},"4":{"start":{"line":9,"column":20},"end":{"line":11,"column":1}},"5":{"start":{"line":10,"column":2},"end":{"line":10,"column":39}},"6":{"start":{"line":13,"column":0},"end":{"line":13,"column":44}}},"fnMap":{"0":{"name":"(anonymous_0)","decl":{"start":{"line":5,"column":18},"end":{"line":5,"column":19}},"loc":{"start":{"line":5,"column":31},"end":{"line":7,"column":1}},"line":5},"1":{"name":"(anonymous_1)","decl":{"start":{"line":9,"column":20},"end":{"line":9,"column":21}},"loc":{"start":{"line":9,"column":31},"end":{"line":11,"column":1}},"line":9}},"branchMap":{},"s":{"0":1,"1":1,"2":1,"3":0,"4":1,"5":6,"6":1},"f":{"0":0,"1":6},"b":{},"_coverageSchema":"1a1c01bbd47fc00a2c39e90264f33305004495a9","hash":"81dbd1c0cd737aba4f644ab9c7028c2bfd4d21aa"}
,"D:\\Raihan\\Phase02\\IP-HCK67\\server_side\\middlewares\\authentication.js": {"path":"D:\\Raihan\\Phase02\\IP-HCK67\\server_side\\middlewares\\authentication.js","statementMap":{"0":{"start":{"line":1,"column":24},"end":{"line":1,"column":49}},"1":{"start":{"line":2,"column":17},"end":{"line":2,"column":37}},"2":{"start":{"line":4,"column":23},"end":{"line":30,"column":3}},"3":{"start":{"line":5,"column":4},"end":{"line":29,"column":5}},"4":{"start":{"line":6,"column":32},"end":{"line":6,"column":43}},"5":{"start":{"line":7,"column":6},"end":{"line":9,"column":7}},"6":{"start":{"line":8,"column":8},"end":{"line":8,"column":40}},"7":{"start":{"line":11,"column":28},"end":{"line":11,"column":52}},"8":{"start":{"line":12,"column":6},"end":{"line":14,"column":7}},"9":{"start":{"line":13,"column":8},"end":{"line":13,"column":40}},"10":{"start":{"line":16,"column":22},"end":{"line":16,"column":40}},"11":{"start":{"line":18,"column":19},"end":{"line":18,"column":50}},"12":{"start":{"line":19,"column":6},"end":{"line":21,"column":7}},"13":{"start":{"line":20,"column":8},"end":{"line":20,"column":40}},"14":{"start":{"line":24,"column":6},"end":{"line":24,"column":22}},"15":{"start":{"line":26,"column":6},"end":{"line":26,"column":13}},"16":{"start":{"line":28,"column":6},"end":{"line":28,"column":25}},"17":{"start":{"line":32,"column":2},"end":{"line":32,"column":38}}},"fnMap":{"0":{"name":"(anonymous_0)","decl":{"start":{"line":4,"column":23},"end":{"line":4,"column":24}},"loc":{"start":{"line":4,"column":49},"end":{"line":30,"column":3}},"line":4}},"branchMap":{"0":{"loc":{"start":{"line":7,"column":6},"end":{"line":9,"column":7}},"type":"if","locations":[{"start":{"line":7,"column":6},"end":{"line":9,"column":7}},{"start":{},"end":{}}],"line":7},"1":{"loc":{"start":{"line":12,"column":6},"end":{"line":14,"column":7}},"type":"if","locations":[{"start":{"line":12,"column":6},"end":{"line":14,"column":7}},{"start":{},"end":{}}],"line":12},"2":{"loc":{"start":{"line":19,"column":6},"end":{"line":21,"column":7}},"type":"if","locations":[{"start":{"line":19,"column":6},"end":{"line":21,"column":7}},{"start":{},"end":{}}],"line":19}},"s":{"0":1,"1":1,"2":1,"3":11,"4":11,"5":11,"6":4,"7":7,"8":7,"9":1,"10":6,"11":0,"12":0,"13":0,"14":0,"15":0,"16":11,"17":1},"f":{"0":11},"b":{"0":[4,7],"1":[1,6],"2":[0,0]},"_coverageSchema":"1a1c01bbd47fc00a2c39e90264f33305004495a9","hash":"9307fcd359efa336f86d9040fc46e319d2f95ac1"}
,"D:\\Raihan\\Phase02\\IP-HCK67\\server_side\\middlewares\\errorHandler.js": {"path":"D:\\Raihan\\Phase02\\IP-HCK67\\server_side\\middlewares\\errorHandler.js","statementMap":{"0":{"start":{"line":1,"column":0},"end":{"line":57,"column":4}},"1":{"start":{"line":4,"column":17},"end":{"line":4,"column":36}},"2":{"start":{"line":5,"column":18},"end":{"line":5,"column":58}},"3":{"start":{"line":7,"column":4},"end":{"line":54,"column":5}},"4":{"start":{"line":9,"column":8},"end":{"line":9,"column":78}},"5":{"start":{"line":10,"column":8},"end":{"line":10,"column":14}},"6":{"start":{"line":12,"column":8},"end":{"line":12,"column":70}},"7":{"start":{"line":13,"column":8},"end":{"line":13,"column":14}},"8":{"start":{"line":16,"column":23},"end":{"line":16,"column":25}},"9":{"start":{"line":17,"column":8},"end":{"line":19,"column":11}},"10":{"start":{"line":18,"column":10},"end":{"line":18,"column":28}},"11":{"start":{"line":20,"column":8},"end":{"line":24,"column":9}},"12":{"start":{"line":21,"column":10},"end":{"line":21,"column":32}},"13":{"start":{"line":23,"column":10},"end":{"line":23,"column":29}},"14":{"start":{"line":25,"column":8},"end":{"line":25,"column":21}},"15":{"start":{"line":26,"column":8},"end":{"line":26,"column":14}},"16":{"start":{"line":28,"column":8},"end":{"line":28,"column":74}},"17":{"start":{"line":29,"column":8},"end":{"line":29,"column":14}},"18":{"start":{"line":31,"column":8},"end":{"line":33,"column":95}},"19":{"start":{"line":34,"column":8},"end":{"line":34,"column":14}},"20":{"start":{"line":36,"column":8},"end":{"line":36,"column":53}},"21":{"start":{"line":37,"column":8},"end":{"line":37,"column":14}},"22":{"start":{"line":39,"column":8},"end":{"line":39,"column":62}},"23":{"start":{"line":40,"column":8},"end":{"line":40,"column":14}},"24":{"start":{"line":42,"column":8},"end":{"line":42,"column":77}},"25":{"start":{"line":43,"column":8},"end":{"line":43,"column":14}},"26":{"start":{"line":46,"column":8},"end":{"line":46,"column":52}},"27":{"start":{"line":47,"column":8},"end":{"line":47,"column":14}},"28":{"start":{"line":49,"column":8},"end":{"line":49,"column":59}},"29":{"start":{"line":50,"column":8},"end":{"line":50,"column":14}},"30":{"start":{"line":52,"column":8},"end":{"line":52,"column":72}},"31":{"start":{"line":53,"column":8},"end":{"line":53,"column":14}},"32":{"start":{"line":56,"column":4},"end":{"line":56,"column":41}}},"fnMap":{"0":{"name":"(anonymous_0)","decl":{"start":{"line":1,"column":17},"end":{"line":1,"column":18}},"loc":{"start":{"line":1,"column":44},"end":{"line":57,"column":3}},"line":1},"1":{"name":"(anonymous_1)","decl":{"start":{"line":17,"column":36},"end":{"line":17,"column":37}},"loc":{"start":{"line":17,"column":44},"end":{"line":19,"column":9}},"line":17}},"branchMap":{"0":{"loc":{"start":{"line":4,"column":17},"end":{"line":4,"column":36}},"type":"binary-expr","locations":[{"start":{"line":4,"column":17},"end":{"line":4,"column":29}},{"start":{"line":4,"column":33},"end":{"line":4,"column":36}}],"line":4},"1":{"loc":{"start":{"line":5,"column":18},"end":{"line":5,"column":58}},"type":"binary-expr","locations":[{"start":{"line":5,"column":18},"end":{"line":5,"column":31}},{"start":{"line":5,"column":35},"end":{"line":5,"column":58}}],"line":5},"2":{"loc":{"start":{"line":7,"column":4},"end":{"line":54,"column":5}},"type":"switch","locations":[{"start":{"line":8,"column":6},"end":{"line":10,"column":14}},{"start":{"line":11,"column":6},"end":{"line":13,"column":14}},{"start":{"line":14,"column":6},"end":{"line":14,"column":38}},{"start":{"line":15,"column":6},"end":{"line":26,"column":14}},{"start":{"line":27,"column":6},"end":{"line":29,"column":14}},{"start":{"line":30,"column":6},"end":{"line":34,"column":14}},{"start":{"line":35,"column":6},"end":{"line":37,"column":14}},{"start":{"line":38,"column":6},"end":{"line":40,"column":14}},{"start":{"line":41,"column":6},"end":{"line":43,"column":14}},{"start":{"line":44,"column":6},"end":{"line":44,"column":31}},{"start":{"line":45,"column":6},"end":{"line":47,"column":14}},{"start":{"line":48,"column":6},"end":{"line":50,"column":14}},{"start":{"line":51,"column":6},"end":{"line":53,"column":14}}],"line":7},"3":{"loc":{"start":{"line":20,"column":8},"end":{"line":24,"column":9}},"type":"if","locations":[{"start":{"line":20,"column":8},"end":{"line":24,"column":9}},{"start":{"line":22,"column":15},"end":{"line":24,"column":9}}],"line":20}},"s":{"0":1,"1":2,"2":2,"3":2,"4":0,"5":0,"6":0,"7":0,"8":0,"9":0,"10":0,"11":0,"12":0,"13":0,"14":0,"15":0,"16":0,"17":0,"18":0,"19":0,"20":0,"21":0,"22":0,"23":0,"24":0,"25":0,"26":0,"27":0,"28":0,"29":0,"30":0,"31":0,"32":2},"f":{"0":2,"1":0},"b":{"0":[2,2],"1":[2,0],"2":[0,0,0,0,0,0,0,0,0,0,0,0,0],"3":[0,0]},"_coverageSchema":"1a1c01bbd47fc00a2c39e90264f33305004495a9","hash":"c3fcd37f5a2a6bc8fdd03924b4f83238cf6574d3"}
,"D:\\Raihan\\Phase02\\IP-HCK67\\server_side\\models\\index.js": {"path":"D:\\Raihan\\Phase02\\IP-HCK67\\server_side\\models\\index.js","statementMap":{"0":{"start":{"line":3,"column":11},"end":{"line":3,"column":24}},"1":{"start":{"line":4,"column":13},"end":{"line":4,"column":28}},"2":{"start":{"line":5,"column":18},"end":{"line":5,"column":38}},"3":{"start":{"line":6,"column":16},"end":{"line":6,"column":34}},"4":{"start":{"line":7,"column":17},"end":{"line":7,"column":42}},"5":{"start":{"line":8,"column":12},"end":{"line":8,"column":49}},"6":{"start":{"line":9,"column":15},"end":{"line":9,"column":65}},"7":{"start":{"line":10,"column":11},"end":{"line":10,"column":13}},"8":{"start":{"line":13,"column":0},"end":{"line":17,"column":1}},"9":{"start":{"line":14,"column":2},"end":{"line":14,"column":74}},"10":{"start":{"line":16,"column":2},"end":{"line":16,"column":87}},"11":{"start":{"line":19,"column":0},"end":{"line":32,"column":5}},"12":{"start":{"line":22,"column":4},"end":{"line":27,"column":6}},"13":{"start":{"line":30,"column":18},"end":{"line":30,"column":85}},"14":{"start":{"line":31,"column":4},"end":{"line":31,"column":27}},"15":{"start":{"line":34,"column":0},"end":{"line":38,"column":3}},"16":{"start":{"line":35,"column":2},"end":{"line":37,"column":3}},"17":{"start":{"line":36,"column":4},"end":{"line":36,"column":32}},"18":{"start":{"line":40,"column":0},"end":{"line":40,"column":25}},"19":{"start":{"line":41,"column":0},"end":{"line":41,"column":25}},"20":{"start":{"line":43,"column":0},"end":{"line":43,"column":20}}},"fnMap":{"0":{"name":"(anonymous_0)","decl":{"start":{"line":21,"column":10},"end":{"line":21,"column":11}},"loc":{"start":{"line":21,"column":18},"end":{"line":28,"column":3}},"line":21},"1":{"name":"(anonymous_1)","decl":{"start":{"line":29,"column":11},"end":{"line":29,"column":12}},"loc":{"start":{"line":29,"column":19},"end":{"line":32,"column":3}},"line":29},"2":{"name":"(anonymous_2)","decl":{"start":{"line":34,"column":24},"end":{"line":34,"column":25}},"loc":{"start":{"line":34,"column":37},"end":{"line":38,"column":1}},"line":34}},"branchMap":{"0":{"loc":{"start":{"line":8,"column":12},"end":{"line":8,"column":49}},"type":"binary-expr","locations":[{"start":{"line":8,"column":12},"end":{"line":8,"column":32}},{"start":{"line":8,"column":36},"end":{"line":8,"column":49}}],"line":8},"1":{"loc":{"start":{"line":13,"column":0},"end":{"line":17,"column":1}},"type":"if","locations":[{"start":{"line":13,"column":0},"end":{"line":17,"column":1}},{"start":{"line":15,"column":7},"end":{"line":17,"column":1}}],"line":13},"2":{"loc":{"start":{"line":23,"column":6},"end":{"line":26,"column":37}},"type":"binary-expr","locations":[{"start":{"line":23,"column":6},"end":{"line":23,"column":29}},{"start":{"line":24,"column":6},"end":{"line":24,"column":23}},{"start":{"line":25,"column":6},"end":{"line":25,"column":30}},{"start":{"line":26,"column":6},"end":{"line":26,"column":37}}],"line":23},"3":{"loc":{"start":{"line":35,"column":2},"end":{"line":37,"column":3}},"type":"if","locations":[{"start":{"line":35,"column":2},"end":{"line":37,"column":3}},{"start":{},"end":{}}],"line":35}},"s":{"0":1,"1":1,"2":1,"3":1,"4":1,"5":1,"6":1,"7":1,"8":1,"9":0,"10":1,"11":1,"12":4,"13":3,"14":3,"15":1,"16":3,"17":3,"18":1,"19":1,"20":1},"f":{"0":4,"1":3,"2":3},"b":{"0":[1,0],"1":[0,1],"2":[4,4,3,3],"3":[3,0]},"_coverageSchema":"1a1c01bbd47fc00a2c39e90264f33305004495a9","hash":"072877169b41555e0c7fcfd2efd8e1a55cce38e1"}
,"D:\\Raihan\\Phase02\\IP-HCK67\\server_side\\models\\myanime.js": {"path":"D:\\Raihan\\Phase02\\IP-HCK67\\server_side\\models\\myanime.js","statementMap":{"0":{"start":{"line":2,"column":18},"end":{"line":2,"column":38}},"1":{"start":{"line":3,"column":14},"end":{"line":3,"column":41}},"2":{"start":{"line":4,"column":0},"end":{"line":218,"column":2}},"3":{"start":{"line":7,"column":6},"end":{"line":7,"column":63}},"4":{"start":{"line":10,"column":6},"end":{"line":31,"column":7}},"5":{"start":{"line":11,"column":44},"end":{"line":11,"column":49}},"6":{"start":{"line":12,"column":23},"end":{"line":12,"column":44}},"7":{"start":{"line":13,"column":23},"end":{"line":17,"column":10}},"8":{"start":{"line":18,"column":8},"end":{"line":20,"column":9}},"9":{"start":{"line":19,"column":10},"end":{"line":19,"column":39}},"10":{"start":{"line":21,"column":26},"end":{"line":21,"column":62}},"11":{"start":{"line":22,"column":8},"end":{"line":28,"column":10}},"12":{"start":{"line":30,"column":8},"end":{"line":30,"column":20}},"13":{"start":{"line":34,"column":6},"end":{"line":72,"column":7}},"14":{"start":{"line":35,"column":26},"end":{"line":38,"column":10}},"15":{"start":{"line":39,"column":22},"end":{"line":39,"column":43}},"16":{"start":{"line":41,"column":34},"end":{"line":45,"column":10}},"17":{"start":{"line":47,"column":28},"end":{"line":49,"column":10}},"18":{"start":{"line":48,"column":10},"end":{"line":48,"column":38}},"19":{"start":{"line":51,"column":8},"end":{"line":53,"column":9}},"20":{"start":{"line":52,"column":10},"end":{"line":52,"column":78}},"21":{"start":{"line":55,"column":23},"end":{"line":68,"column":10}},"22":{"start":{"line":69,"column":8},"end":{"line":69,"column":24}},"23":{"start":{"line":71,"column":8},"end":{"line":71,"column":20}},"24":{"start":{"line":75,"column":6},"end":{"line":112,"column":7}},"25":{"start":{"line":76,"column":47},"end":{"line":76,"column":52}},"26":{"start":{"line":77,"column":8},"end":{"line":81,"column":9}},"27":{"start":{"line":78,"column":10},"end":{"line":78,"column":33}},"28":{"start":{"line":80,"column":10},"end":{"line":80,"column":20}},"29":{"start":{"line":82,"column":8},"end":{"line":86,"column":9}},"30":{"start":{"line":83,"column":10},"end":{"line":83,"column":39}},"31":{"start":{"line":85,"column":10},"end":{"line":85,"column":22}},"32":{"start":{"line":87,"column":8},"end":{"line":91,"column":9}},"33":{"start":{"line":88,"column":10},"end":{"line":88,"column":45}},"34":{"start":{"line":90,"column":10},"end":{"line":90,"column":24}},"35":{"start":{"line":92,"column":8},"end":{"line":96,"column":9}},"36":{"start":{"line":93,"column":10},"end":{"line":93,"column":33}},"37":{"start":{"line":95,"column":10},"end":{"line":95,"column":20}},"38":{"start":{"line":100,"column":23},"end":{"line":100,"column":79}},"39":{"start":{"line":102,"column":24},"end":{"line":105,"column":10}},"40":{"start":{"line":107,"column":23},"end":{"line":107,"column":37}},"41":{"start":{"line":108,"column":8},"end":{"line":108,"column":48}},"42":{"start":{"line":108,"column":21},"end":{"line":108,"column":48}},"43":{"start":{"line":109,"column":8},"end":{"line":109,"column":22}},"44":{"start":{"line":111,"column":8},"end":{"line":111,"column":20}},"45":{"start":{"line":115,"column":6},"end":{"line":141,"column":7}},"46":{"start":{"line":116,"column":29},"end":{"line":119,"column":10}},"47":{"start":{"line":120,"column":22},"end":{"line":120,"column":46}},"48":{"start":{"line":122,"column":8},"end":{"line":122,"column":47}},"49":{"start":{"line":122,"column":20},"end":{"line":122,"column":47}},"50":{"start":{"line":125,"column":28},"end":{"line":137,"column":9}},"51":{"start":{"line":138,"column":8},"end":{"line":138,"column":27}},"52":{"start":{"line":140,"column":8},"end":{"line":140,"column":20}},"53":{"start":{"line":144,"column":6},"end":{"line":152,"column":7}},"54":{"start":{"line":145,"column":24},"end":{"line":145,"column":76}},"55":{"start":{"line":146,"column":8},"end":{"line":146,"column":31}},"56":{"start":{"line":147,"column":8},"end":{"line":147,"column":53}},"57":{"start":{"line":147,"column":24},"end":{"line":147,"column":53}},"58":{"start":{"line":148,"column":8},"end":{"line":148,"column":63}},"59":{"start":{"line":149,"column":8},"end":{"line":149,"column":25}},"60":{"start":{"line":151,"column":8},"end":{"line":151,"column":20}},"61":{"start":{"line":155,"column":2},"end":{"line":216,"column":4}},"62":{"start":{"line":217,"column":2},"end":{"line":217,"column":17}}},"fnMap":{"0":{"name":"(anonymous_0)","decl":{"start":{"line":4,"column":17},"end":{"line":4,"column":18}},"loc":{"start":{"line":4,"column":43},"end":{"line":218,"column":1}},"line":4},"1":{"name":"(anonymous_1)","decl":{"start":{"line":6,"column":4},"end":{"line":6,"column":5}},"loc":{"start":{"line":6,"column":29},"end":{"line":8,"column":5}},"line":6},"2":{"name":"(anonymous_2)","decl":{"start":{"line":9,"column":4},"end":{"line":9,"column":5}},"loc":{"start":{"line":9,"column":40},"end":{"line":32,"column":5}},"line":9},"3":{"name":"(anonymous_3)","decl":{"start":{"line":33,"column":4},"end":{"line":33,"column":5}},"loc":{"start":{"line":33,"column":42},"end":{"line":73,"column":5}},"line":33},"4":{"name":"(anonymous_4)","decl":{"start":{"line":47,"column":53},"end":{"line":47,"column":54}},"loc":{"start":{"line":47,"column":61},"end":{"line":49,"column":9}},"line":47},"5":{"name":"(anonymous_5)","decl":{"start":{"line":74,"column":4},"end":{"line":74,"column":5}},"loc":{"start":{"line":74,"column":34},"end":{"line":113,"column":5}},"line":74},"6":{"name":"(anonymous_6)","decl":{"start":{"line":114,"column":4},"end":{"line":114,"column":5}},"loc":{"start":{"line":114,"column":35},"end":{"line":142,"column":5}},"line":114},"7":{"name":"(anonymous_7)","decl":{"start":{"line":143,"column":4},"end":{"line":143,"column":5}},"loc":{"start":{"line":143,"column":40},"end":{"line":153,"column":5}},"line":143}},"branchMap":{"0":{"loc":{"start":{"line":11,"column":16},"end":{"line":11,"column":24}},"type":"default-arg","locations":[{"start":{"line":11,"column":23},"end":{"line":11,"column":24}}],"line":11},"1":{"loc":{"start":{"line":11,"column":26},"end":{"line":11,"column":39}},"type":"default-arg","locations":[{"start":{"line":11,"column":37},"end":{"line":11,"column":39}}],"line":11},"2":{"loc":{"start":{"line":18,"column":8},"end":{"line":20,"column":9}},"type":"if","locations":[{"start":{"line":18,"column":8},"end":{"line":20,"column":9}},{"start":{},"end":{}}],"line":18},"3":{"loc":{"start":{"line":51,"column":8},"end":{"line":53,"column":9}},"type":"if","locations":[{"start":{"line":51,"column":8},"end":{"line":53,"column":9}},{"start":{},"end":{}}],"line":51},"4":{"loc":{"start":{"line":77,"column":8},"end":{"line":81,"column":9}},"type":"if","locations":[{"start":{"line":77,"column":8},"end":{"line":81,"column":9}},{"start":{"line":79,"column":15},"end":{"line":81,"column":9}}],"line":77},"5":{"loc":{"start":{"line":82,"column":8},"end":{"line":86,"column":9}},"type":"if","locations":[{"start":{"line":82,"column":8},"end":{"line":86,"column":9}},{"start":{"line":84,"column":15},"end":{"line":86,"column":9}}],"line":82},"6":{"loc":{"start":{"line":87,"column":8},"end":{"line":91,"column":9}},"type":"if","locations":[{"start":{"line":87,"column":8},"end":{"line":91,"column":9}},{"start":{"line":89,"column":15},"end":{"line":91,"column":9}}],"line":87},"7":{"loc":{"start":{"line":92,"column":8},"end":{"line":96,"column":9}},"type":"if","locations":[{"start":{"line":92,"column":8},"end":{"line":96,"column":9}},{"start":{"line":94,"column":15},"end":{"line":96,"column":9}}],"line":92},"8":{"loc":{"start":{"line":108,"column":8},"end":{"line":108,"column":48}},"type":"if","locations":[{"start":{"line":108,"column":8},"end":{"line":108,"column":48}},{"start":{},"end":{}}],"line":108},"9":{"loc":{"start":{"line":122,"column":8},"end":{"line":122,"column":47}},"type":"if","locations":[{"start":{"line":122,"column":8},"end":{"line":122,"column":47}},{"start":{},"end":{}}],"line":122},"10":{"loc":{"start":{"line":147,"column":8},"end":{"line":147,"column":53}},"type":"if","locations":[{"start":{"line":147,"column":8},"end":{"line":147,"column":53}},{"start":{},"end":{}}],"line":147}},"s":{"0":1,"1":1,"2":1,"3":1,"4":0,"5":0,"6":0,"7":0,"8":0,"9":0,"10":0,"11":0,"12":0,"13":0,"14":0,"15":0,"16":0,"17":0,"18":0,"19":0,"20":0,"21":0,"22":0,"23":0,"24":0,"25":0,"26":0,"27":0,"28":0,"29":0,"30":0,"31":0,"32":0,"33":0,"34":0,"35":0,"36":0,"37":0,"38":0,"39":0,"40":0,"41":0,"42":0,"43":0,"44":0,"45":0,"46":0,"47":0,"48":0,"49":0,"50":0,"51":0,"52":0,"53":0,"54":0,"55":0,"56":0,"57":0,"58":0,"59":0,"60":0,"61":1,"62":1},"f":{"0":1,"1":1,"2":0,"3":0,"4":0,"5":0,"6":0,"7":0},"b":{"0":[0],"1":[0],"2":[0,0],"3":[0,0],"4":[0,0],"5":[0,0],"6":[0,0],"7":[0,0],"8":[0,0],"9":[0,0],"10":[0,0]},"_coverageSchema":"1a1c01bbd47fc00a2c39e90264f33305004495a9","hash":"01109bdca2217ab090bcd4632a6f8a3ece980b29"}
,"D:\\Raihan\\Phase02\\IP-HCK67\\server_side\\models\\transaction.js": {"path":"D:\\Raihan\\Phase02\\IP-HCK67\\server_side\\models\\transaction.js","statementMap":{"0":{"start":{"line":4,"column":4},"end":{"line":4,"column":24}},"1":{"start":{"line":5,"column":0},"end":{"line":57,"column":2}},"2":{"start":{"line":8,"column":5},"end":{"line":8,"column":65}},"3":{"start":{"line":11,"column":2},"end":{"line":55,"column":5}},"4":{"start":{"line":56,"column":2},"end":{"line":56,"column":21}}},"fnMap":{"0":{"name":"(anonymous_0)","decl":{"start":{"line":5,"column":17},"end":{"line":5,"column":18}},"loc":{"start":{"line":5,"column":43},"end":{"line":57,"column":1}},"line":5},"1":{"name":"(anonymous_1)","decl":{"start":{"line":7,"column":4},"end":{"line":7,"column":5}},"loc":{"start":{"line":7,"column":29},"end":{"line":9,"column":5}},"line":7}},"branchMap":{},"s":{"0":1,"1":1,"2":1,"3":1,"4":1},"f":{"0":1,"1":1},"b":{},"_coverageSchema":"1a1c01bbd47fc00a2c39e90264f33305004495a9","hash":"2872ab3e1ebc3c099264b33c1a2a4aeada10111f"}
,"D:\\Raihan\\Phase02\\IP-HCK67\\server_side\\models\\user.js": {"path":"D:\\Raihan\\Phase02\\IP-HCK67\\server_side\\models\\user.js","statementMap":{"0":{"start":{"line":2,"column":34},"end":{"line":2,"column":62}},"1":{"start":{"line":3,"column":15},"end":{"line":3,"column":35}},"2":{"start":{"line":4,"column":22},"end":{"line":4,"column":47}},"3":{"start":{"line":5,"column":18},"end":{"line":5,"column":38}},"4":{"start":{"line":6,"column":0},"end":{"line":171,"column":2}},"5":{"start":{"line":9,"column":6},"end":{"line":9,"column":61}},"6":{"start":{"line":10,"column":6},"end":{"line":10,"column":65}},"7":{"start":{"line":13,"column":6},"end":{"line":28,"column":7}},"8":{"start":{"line":14,"column":46},"end":{"line":14,"column":50}},"9":{"start":{"line":15,"column":25},"end":{"line":19,"column":10}},"10":{"start":{"line":20,"column":22},"end":{"line":24,"column":9}},"11":{"start":{"line":25,"column":8},"end":{"line":25,"column":23}},"12":{"start":{"line":27,"column":8},"end":{"line":27,"column":20}},"13":{"start":{"line":31,"column":6},"end":{"line":67,"column":7}},"14":{"start":{"line":32,"column":41},"end":{"line":32,"column":45}},"15":{"start":{"line":35,"column":8},"end":{"line":39,"column":9}},"16":{"start":{"line":36,"column":10},"end":{"line":38,"column":12}},"17":{"start":{"line":40,"column":8},"end":{"line":44,"column":9}},"18":{"start":{"line":41,"column":10},"end":{"line":43,"column":12}},"19":{"start":{"line":45,"column":8},"end":{"line":49,"column":11}},"20":{"start":{"line":51,"column":8},"end":{"line":55,"column":9}},"21":{"start":{"line":52,"column":10},"end":{"line":54,"column":12}},"22":{"start":{"line":56,"column":30},"end":{"line":56,"column":66}},"23":{"start":{"line":58,"column":8},"end":{"line":62,"column":9}},"24":{"start":{"line":59,"column":10},"end":{"line":61,"column":12}},"25":{"start":{"line":63,"column":29},"end":{"line":63,"column":72}},"26":{"start":{"line":64,"column":8},"end":{"line":64,"column":28}},"27":{"start":{"line":66,"column":8},"end":{"line":66,"column":20}},"28":{"start":{"line":70,"column":6},"end":{"line":77,"column":7}},"29":{"start":{"line":71,"column":25},"end":{"line":71,"column":48}},"30":{"start":{"line":72,"column":8},"end":{"line":74,"column":9}},"31":{"start":{"line":73,"column":10},"end":{"line":73,"column":46}},"32":{"start":{"line":76,"column":8},"end":{"line":76,"column":20}},"33":{"start":{"line":80,"column":6},"end":{"line":101,"column":7}},"34":{"start":{"line":81,"column":46},"end":{"line":81,"column":50}},"35":{"start":{"line":83,"column":8},"end":{"line":85,"column":9}},"36":{"start":{"line":84,"column":10},"end":{"line":84,"column":48}},"37":{"start":{"line":86,"column":25},"end":{"line":86,"column":48}},"38":{"start":{"line":88,"column":8},"end":{"line":90,"column":9}},"39":{"start":{"line":89,"column":10},"end":{"line":89,"column":46}},"40":{"start":{"line":91,"column":28},"end":{"line":91,"column":46}},"41":{"start":{"line":93,"column":8},"end":{"line":93,"column":74}},"42":{"start":{"line":95,"column":30},"end":{"line":97,"column":10}},"43":{"start":{"line":98,"column":8},"end":{"line":98,"column":29}},"44":{"start":{"line":100,"column":8},"end":{"line":100,"column":20}},"45":{"start":{"line":104,"column":2},"end":{"line":169,"column":4}},"46":{"start":{"line":162,"column":10},"end":{"line":162,"column":58}},"47":{"start":{"line":170,"column":2},"end":{"line":170,"column":14}}},"fnMap":{"0":{"name":"(anonymous_0)","decl":{"start":{"line":6,"column":17},"end":{"line":6,"column":18}},"loc":{"start":{"line":6,"column":43},"end":{"line":171,"column":1}},"line":6},"1":{"name":"(anonymous_1)","decl":{"start":{"line":8,"column":4},"end":{"line":8,"column":5}},"loc":{"start":{"line":8,"column":29},"end":{"line":11,"column":5}},"line":8},"2":{"name":"(anonymous_2)","decl":{"start":{"line":12,"column":4},"end":{"line":12,"column":5}},"loc":{"start":{"line":12,"column":36},"end":{"line":29,"column":5}},"line":12},"3":{"name":"(anonymous_3)","decl":{"start":{"line":30,"column":4},"end":{"line":30,"column":5}},"loc":{"start":{"line":30,"column":29},"end":{"line":68,"column":5}},"line":30},"4":{"name":"(anonymous_4)","decl":{"start":{"line":69,"column":4},"end":{"line":69,"column":5}},"loc":{"start":{"line":69,"column":30},"end":{"line":78,"column":5}},"line":69},"5":{"name":"(anonymous_5)","decl":{"start":{"line":79,"column":4},"end":{"line":79,"column":5}},"loc":{"start":{"line":79,"column":36},"end":{"line":102,"column":5}},"line":79},"6":{"name":"(anonymous_6)","decl":{"start":{"line":161,"column":22},"end":{"line":161,"column":23}},"loc":{"start":{"line":161,"column":36},"end":{"line":163,"column":9}},"line":161}},"branchMap":{"0":{"loc":{"start":{"line":35,"column":8},"end":{"line":39,"column":9}},"type":"if","locations":[{"start":{"line":35,"column":8},"end":{"line":39,"column":9}},{"start":{},"end":{}}],"line":35},"1":{"loc":{"start":{"line":40,"column":8},"end":{"line":44,"column":9}},"type":"if","locations":[{"start":{"line":40,"column":8},"end":{"line":44,"column":9}},{"start":{},"end":{}}],"line":40},"2":{"loc":{"start":{"line":51,"column":8},"end":{"line":55,"column":9}},"type":"if","locations":[{"start":{"line":51,"column":8},"end":{"line":55,"column":9}},{"start":{},"end":{}}],"line":51},"3":{"loc":{"start":{"line":58,"column":8},"end":{"line":62,"column":9}},"type":"if","locations":[{"start":{"line":58,"column":8},"end":{"line":62,"column":9}},{"start":{},"end":{}}],"line":58},"4":{"loc":{"start":{"line":72,"column":8},"end":{"line":74,"column":9}},"type":"if","locations":[{"start":{"line":72,"column":8},"end":{"line":74,"column":9}},{"start":{},"end":{}}],"line":72},"5":{"loc":{"start":{"line":83,"column":8},"end":{"line":85,"column":9}},"type":"if","locations":[{"start":{"line":83,"column":8},"end":{"line":85,"column":9}},{"start":{},"end":{}}],"line":83},"6":{"loc":{"start":{"line":88,"column":8},"end":{"line":90,"column":9}},"type":"if","locations":[{"start":{"line":88,"column":8},"end":{"line":90,"column":9}},{"start":{},"end":{}}],"line":88}},"s":{"0":1,"1":1,"2":1,"3":1,"4":1,"5":1,"6":1,"7":1,"8":1,"9":1,"10":0,"11":0,"12":1,"13":0,"14":0,"15":0,"16":0,"17":0,"18":0,"19":0,"20":0,"21":0,"22":0,"23":0,"24":0,"25":0,"26":0,"27":0,"28":0,"29":0,"30":0,"31":0,"32":0,"33":0,"34":0,"35":0,"36":0,"37":0,"38":0,"39":0,"40":0,"41":0,"42":0,"43":0,"44":0,"45":1,"46":4,"47":1},"f":{"0":1,"1":1,"2":1,"3":0,"4":0,"5":0,"6":4},"b":{"0":[0,0],"1":[0,0],"2":[0,0],"3":[0,0],"4":[0,0],"5":[0,0],"6":[0,0]},"_coverageSchema":"1a1c01bbd47fc00a2c39e90264f33305004495a9","hash":"eb8e7b44aae4ab996ed1dfda35a19d21323259fd"}
,"D:\\Raihan\\Phase02\\IP-HCK67\\server_side\\routers\\animes.js": {"path":"D:\\Raihan\\Phase02\\IP-HCK67\\server_side\\routers\\animes.js","statementMap":{"0":{"start":{"line":1,"column":16},"end":{"line":1,"column":34}},"1":{"start":{"line":2,"column":25},"end":{"line":2,"column":67}},"2":{"start":{"line":3,"column":15},"end":{"line":3,"column":31}},"3":{"start":{"line":5,"column":0},"end":{"line":5,"column":43}},"4":{"start":{"line":6,"column":0},"end":{"line":6,"column":45}},"5":{"start":{"line":8,"column":0},"end":{"line":8,"column":23}}},"fnMap":{},"branchMap":{},"s":{"0":1,"1":1,"2":1,"3":1,"4":1,"5":1},"f":{},"b":{},"_coverageSchema":"1a1c01bbd47fc00a2c39e90264f33305004495a9","hash":"3af18e669c84e51a3156499f115b6e20182a3603"}
,"D:\\Raihan\\Phase02\\IP-HCK67\\server_side\\routers\\index.js": {"path":"D:\\Raihan\\Phase02\\IP-HCK67\\server_side\\routers\\index.js","statementMap":{"0":{"start":{"line":1,"column":16},"end":{"line":1,"column":34}},"1":{"start":{"line":2,"column":15},"end":{"line":2,"column":31}},"2":{"start":{"line":3,"column":23},"end":{"line":3,"column":63}},"3":{"start":{"line":4,"column":25},"end":{"line":4,"column":67}},"4":{"start":{"line":5,"column":27},"end":{"line":5,"column":67}},"5":{"start":{"line":8,"column":0},"end":{"line":8,"column":56}},"6":{"start":{"line":9,"column":0},"end":{"line":9,"column":44}},"7":{"start":{"line":10,"column":0},"end":{"line":10,"column":57}},"8":{"start":{"line":12,"column":0},"end":{"line":12,"column":55}},"9":{"start":{"line":13,"column":0},"end":{"line":13,"column":61}},"10":{"start":{"line":14,"column":0},"end":{"line":14,"column":59}},"11":{"start":{"line":17,"column":0},"end":{"line":17,"column":80}},"12":{"start":{"line":18,"column":0},"end":{"line":18,"column":76}},"13":{"start":{"line":19,"column":0},"end":{"line":19,"column":24}}},"fnMap":{},"branchMap":{},"s":{"0":1,"1":1,"2":1,"3":1,"4":1,"5":1,"6":1,"7":1,"8":1,"9":1,"10":1,"11":1,"12":1,"13":1},"f":{},"b":{},"_coverageSchema":"1a1c01bbd47fc00a2c39e90264f33305004495a9","hash":"ca43bbb22b1f80a1e3cec4ade638505a412b8c99"}
,"D:\\Raihan\\Phase02\\IP-HCK67\\server_side\\routers\\myAnime.js": {"path":"D:\\Raihan\\Phase02\\IP-HCK67\\server_side\\routers\\myAnime.js","statementMap":{"0":{"start":{"line":1,"column":16},"end":{"line":1,"column":34}},"1":{"start":{"line":2,"column":26},"end":{"line":2,"column":69}},"2":{"start":{"line":3,"column":15},"end":{"line":3,"column":31}},"3":{"start":{"line":5,"column":0},"end":{"line":5,"column":45}},"4":{"start":{"line":6,"column":0},"end":{"line":6,"column":57}},"5":{"start":{"line":7,"column":0},"end":{"line":7,"column":61}},"6":{"start":{"line":9,"column":0},"end":{"line":9,"column":23}}},"fnMap":{},"branchMap":{},"s":{"0":1,"1":1,"2":1,"3":1,"4":1,"5":1,"6":1},"f":{},"b":{},"_coverageSchema":"1a1c01bbd47fc00a2c39e90264f33305004495a9","hash":"16ac7cdde539e69f7e3531f64a827dd53252cfde"}
,"D:\\Raihan\\Phase02\\IP-HCK67\\server_side\\routers\\user.js": {"path":"D:\\Raihan\\Phase02\\IP-HCK67\\server_side\\routers\\user.js","statementMap":{"0":{"start":{"line":1,"column":17},"end":{"line":1,"column":35}},"1":{"start":{"line":2,"column":23},"end":{"line":2,"column":63}},"2":{"start":{"line":3,"column":15},"end":{"line":3,"column":31}},"3":{"start":{"line":5,"column":0},"end":{"line":5,"column":48}},"4":{"start":{"line":6,"column":0},"end":{"line":6,"column":48}},"5":{"start":{"line":8,"column":0},"end":{"line":8,"column":23}}},"fnMap":{},"branchMap":{},"s":{"0":1,"1":1,"2":1,"3":1,"4":1,"5":1},"f":{},"b":{},"_coverageSchema":"1a1c01bbd47fc00a2c39e90264f33305004495a9","hash":"67937edd086d57300e34631a4bee8873fdb96148"}
}
